Detecting compiler hash for triplet arm64-osx...
All requested packages are currently installed.
Total install time: 250 ns
catch2 provides CMake targets:

  # this is heuristically generated, and may not be correct
  find_package(Catch2 CONFIG REQUIRED)
  target_link_libraries(main PRIVATE Catch2::Catch2 Catch2::Catch2WithMain)

catch2 provides pkg-config modules:

    # A modern, C++-native, header-only, test framework for C++11
    catch2

The package fmt provides CMake targets:

    find_package(fmt CONFIG REQUIRED)
    target_link_libraries(main PRIVATE fmt::fmt)

    # Or use the header-only version
    find_package(fmt CONFIG REQUIRED)
    target_link_libraries(main PRIVATE fmt::fmt-header-only)

The package glew is compatible with built-in CMake targets:

    find_package(GLEW REQUIRED)
    target_link_libraries(main PRIVATE GLEW::GLEW)

glfw3 provides CMake targets:

  # this is heuristically generated, and may not be correct
  find_package(glfw3 CONFIG REQUIRED)
  target_link_libraries(main PRIVATE glfw)

glfw3 provides pkg-config modules:

    # A multi-platform library for OpenGL, window and input
    glfw3

glm provides CMake targets:

  # this is heuristically generated, and may not be correct
  find_package(glm CONFIG REQUIRED)
  target_link_libraries(main PRIVATE glm::glm)

imgui provides CMake targets:

  # this is heuristically generated, and may not be correct
  find_package(imgui CONFIG REQUIRED)
  target_link_libraries(main PRIVATE imgui::imgui)

ms-gsl provides CMake targets:

  # this is heuristically generated, and may not be correct
  find_package(Microsoft.GSL CONFIG REQUIRED)
  target_link_libraries(main PRIVATE Microsoft.GSL::GSL)

nativefiledialog provides CMake targets:

  # this is heuristically generated, and may not be correct
  find_package(unofficial-nativefiledialog CONFIG REQUIRED)
  target_link_libraries(main PRIVATE unofficial::nativefiledialog::nfd)

stb is header-only and can be used from CMake via:

    find_path(STB_INCLUDE_DIRS "stb.h")
    target_include_directories(main PRIVATE ${STB_INCLUDE_DIRS})

The package tbb provides CMake targets:

    find_package(TBB CONFIG REQUIRED)
    target_link_libraries(main PRIVATE TBB::tbb)

